ERROR:root:No se encontró un archivo con ese nombre
ERROR:root:No se encontró un archivo con ese nombre
ERROR:root:No se encontró un archivo con ese nombre
ERROR:root:No se encontró un archivo con ese nombre
ERROR:root:No se encontró un archivo con ese nombre
ERROR:root:No se encontró un archivo con ese nombre
ERROR:root:No se encontró un archivo con ese nombre
ERROR:root:No se encontró un archivo con ese nombre
ERROR:root:No se encontró un archivo con ese nombre
ERROR:root:No se encontró un archivo con ese nombre
ERROR:root:No se encontró un archivo con ese nombre
ERROR:root:No se encontró un archivo con ese nombre
ERROR:root:No se encontró un archivo con ese nombre
ERROR:root:No se encontró un archivo con ese nombre
ERROR:root:No se encontró un archivo ps1 con ese nombre
ERROR:root:No se encontró un archivo ps1 con ese nombre
ERROR:root:Ya existe esta tarea ejecutandose, borrala desde el programador de tareas
ERROR:root:Ya existe esta tarea ejecutandose, borrala desde el programador de tareas
DEBUG:root:En la ruta ya se encuentra una imagen con el mismo nombre
ERROR:root:No se encontró un archivo con ese nombre en la ruta especificada
DEBUG:root:No se encuentra ese archivo
ERROR:root:Archivo inexistente
DEBUG:root:No se encuentra ese archivo
ERROR:root:Archivo inexistente
DEBUG:urllib3.connectionpool:Starting new HTTPS connection (1): sites.google.com:443
DEBUG:urllib3.connectionpool:https://sites.google.com:443 "GET /site/gruposcoutsanbruno1/principal/noticias/lista-actualizada-mails HTTP/1.1" 200 None
DEBUG:root:No se encuentra ese archivo
ERROR:root:Archivo inexistente
DEBUG:urllib3.connectionpool:Starting new HTTPS connection (1): sites.google.com:443
DEBUG:urllib3.connectionpool:https://sites.google.com:443 "GET /site/gruposcoutsanbruno1/principal/noticias/lista-actualizada-mails HTTP/1.1" 200 None
CRITICAL:root:El hosthttps://sites.google.com/site/gruposcoutsanbruno1/principal/noticias/lista-actualizada-mailsno esta disponible
ERROR:root:El hosthttps://sites.google.com/site/gruposcoutsanbruno1/principal/noticias/lista-actualizada-mailsno se encontro
DEBUG:root:No se encuentra ese archivo
ERROR:root:Archivo inexistente
DEBUG:root:No se encuentra ese archivo
ERROR:root:Archivo inexistente
DEBUG:root:No se encuentra ese archivo
ERROR:root:Archivo inexistente
DEBUG:root:No se encuentra ese archivo
ERROR:root:Archivo inexistente
DEBUG:root:No se encuentra ese archivo
ERROR:root:Archivo inexistente
DEBUG:root:No se encuentra ese archivo
ERROR:root:Archivo inexistente
DEBUG:root:No se encuentra ese archivo
ERROR:root:Archivo inexistente
DEBUG:root:No se encuentra ese archivo
ERROR:root:Archivo inexistente
DEBUG:root:No se encuentra ese archivo
ERROR:root:Archivo inexistente
DEBUG:root:No se encuentra ese archivo
ERROR:root:Archivo inexistente
DEBUG:root:No se encuentra ese archivo
ERROR:root:Archivo inexistente
DEBUG:root:No se encuentra ese archivo
ERROR:root:Archivo inexistente
DEBUG:root:No se encuentra ese archivo
ERROR:root:Archivo inexistente
DEBUG:root:No se encuentra ese archivo
ERROR:root:Archivo inexistente
DEBUG:root:No se encuentra ese archivo
ERROR:root:Archivo inexistente
DEBUG:root:No se encuentra ese archivo
ERROR:root:Archivo inexistente
DEBUG:root:No se encuentra ese archivo
ERROR:root:Archivo inexistente
DEBUG:root:No se encuentra ese archivo
ERROR:root:Archivo inexistente
DEBUG:root:No se encuentra ese archivo
ERROR:root:Archivo inexistente
DEBUG:root:No se encuentra ese archivo
ERROR:root:Archivo inexistente
DEBUG:root:No se encuentra ese archivo
ERROR:root:Archivo inexistente
DEBUG:root:No se encuentra ese archivo
ERROR:root:Archivo inexistente
DEBUG:root:No se encuentra ese archivo
ERROR:root:Archivo inexistente
DEBUG:root:No se encuentra ese archivo
ERROR:root:Archivo inexistente
DEBUG:root:No se encuentra ese archivo
ERROR:root:Archivo inexistente
DEBUG:root:No se encuentra ese archivo
ERROR:root:Archivo inexistente
DEBUG:root:No se encuentra ese archivo
ERROR:root:Archivo inexistente
DEBUG:root:No se encuentra ese archivo
ERROR:root:Archivo inexistente
DEBUG:root:No se encuentra ese archivo
ERROR:root:Archivo inexistente
DEBUG:root:No se encuentra ese archivo
ERROR:root:Archivo inexistente
DEBUG:root:No se encuentra ese archivo
ERROR:root:Archivo inexistente
DEBUG:root:No se encuentra ese archivo
ERROR:root:Archivo inexistente
DEBUG:root:No se encuentra ese archivo
ERROR:root:Archivo inexistente
ERROR:root:Ya existe esta tarea ejecutandose, borrala desde el programador de tareas
DEBUG:root:No se encuentra ese archivo
ERROR:root:Archivo inexistente
ERROR:root:Ya existe esta tarea ejecutandose, borrala desde el programador de tareas
DEBUG:root:No se encuentra ese archivo
ERROR:root:Archivo inexistente
DEBUG:root:No se encuentra ese archivo
ERROR:root:Archivo inexistente
DEBUG:root:No se encuentra ese archivo
ERROR:root:Archivo inexistente
ERROR:root:Ya existe esta tarea ejecutandose, borrala desde el programador de tareas
DEBUG:root:No se encuentra ese archivo
ERROR:root:Archivo inexistente
DEBUG:root:No se encuentra ese archivo
ERROR:root:Archivo inexistente
DEBUG:urllib3.connectionpool:Starting new HTTPS connection (1): sites.google.com:443
DEBUG:urllib3.connectionpool:https://sites.google.com:443 "GET /site/gruposcoutsanbruno1/principal/noticias/lista-actualizada-mails HTTP/1.1" 200 None
CRITICAL:root:El hosthttps://sites.google.com/site/gruposcoutsanbruno1/principal/noticias/lista-actualizada-mailsno esta disponible
ERROR:root:El hosthttps://sites.google.com/site/gruposcoutsanbruno1/principal/noticias/lista-actualizada-mailsno se encontro
DEBUG:root:No se encuentra ese archivo
ERROR:root:Archivo inexistente
DEBUG:root:No se encuentra ese archivo
ERROR:root:Archivo inexistente
ERROR:root:Ya existe esta tarea ejecutandose, borrala desde el programador de tareas
DEBUG:root:No se encuentra ese archivo
ERROR:root:Archivo inexistente
ERROR:root:Ya existe esta tarea ejecutandose, borrala desde el programador de tareas
DEBUG:root:No se encuentra ese archivo
ERROR:root:Archivo inexistente
ERROR:root:Ya existe esta tarea ejecutandose, borrala desde el programador de tareas
DEBUG:root:No se encuentra ese archivo
ERROR:root:Archivo inexistente
ERROR:root:Ya existe esta tarea ejecutandose, borrala desde el programador de tareas
DEBUG:root:No se encuentra ese archivo
ERROR:root:Archivo inexistente
ERROR:root:Ya existe esta tarea ejecutandose, borrala desde el programador de tareas
DEBUG:root:No se encuentra ese archivo
ERROR:root:Archivo inexistente
ERROR:root:Ya existe esta tarea ejecutandose, borrala desde el programador de tareas
DEBUG:root:No se encuentra ese archivo
ERROR:root:Archivo inexistente
ERROR:root:Ya existe esta tarea ejecutandose, borrala desde el programador de tareas
DEBUG:root:No se encuentra ese archivo
ERROR:root:Archivo inexistente
ERROR:root:Ya existe esta tarea ejecutandose, borrala desde el programador de tareas
DEBUG:root:No se encuentra ese archivo
ERROR:root:Archivo inexistente
ERROR:root:Ya existe esta tarea ejecutandose, borrala desde el programador de tareas
DEBUG:root:No se encuentra ese archivo
ERROR:root:Archivo inexistente
ERROR:root:Ya existe esta tarea ejecutandose, borrala desde el programador de tareas
DEBUG:root:No se encuentra ese archivo
ERROR:root:Archivo inexistente
ERROR:root:Ya existe esta tarea ejecutandose, borrala desde el programador de tareas
DEBUG:root:No se encuentra ese archivo
ERROR:root:Archivo inexistente
DEBUG:root:No se encuentra ese archivo
ERROR:root:Archivo inexistente
DEBUG:root:No se encuentra ese archivo
ERROR:root:Archivo inexistente
ERROR:root:Ya existe esta tarea ejecutandose, borrala desde el programador de tareas
DEBUG:root:No se encuentra ese archivo
ERROR:root:Archivo inexistente
DEBUG:urllib3.connectionpool:Starting new HTTPS connection (1): sites.google.com:443
DEBUG:urllib3.connectionpool:https://sites.google.com:443 "GET /site/gruposcoutsanbruno1/principal/noticias/lista-actualizada-mails HTTP/1.1" 200 None
CRITICAL:root:El hosthttps://sites.google.com/site/gruposcoutsanbruno1/principal/noticias/lista-actualizada-mailsno esta disponible
ERROR:root:El hosthttps://sites.google.com/site/gruposcoutsanbruno1/principal/noticias/lista-actualizada-mailsno se encontro
DEBUG:root:No se encuentra ese archivo
ERROR:root:Archivo inexistente
DEBUG:root:No se encuentra ese archivo
ERROR:root:Archivo inexistente
DEBUG:root:No se encuentra ese archivo
ERROR:root:Archivo inexistente
DEBUG:root:En la ruta ya se encuentra un archivo con el mismo nombre
ERROR:root:No se encontró un archivo con ese nombre en la ruta especificada
DEBUG:root:No se encuentra ese archivo
ERROR:root:Archivo inexistente
DEBUG:root:En la ruta ya se encuentra un archivo con el mismo nombre
ERROR:root:No se encontró un archivo con ese nombre en la ruta especificada
DEBUG:root:No se encuentra ese archivo
ERROR:root:Archivo inexistente
DEBUG:root:En la ruta ya se encuentra un archivo con el mismo nombre
ERROR:root:No se encontró un archivo con ese nombre en la ruta especificada
DEBUG:root:No se encuentra ese archivo
ERROR:root:Archivo inexistente
DEBUG:root:En la ruta ya se encuentra una imagen con el mismo nombre
ERROR:root:No se encontró un archivo con ese nombre en la ruta especificada
DEBUG:root:No se encuentra ese archivo
ERROR:root:Archivo inexistente
DEBUG:urllib3.connectionpool:Starting new HTTPS connection (1): sites.google.com:443
DEBUG:urllib3.connectionpool:https://sites.google.com:443 "GET /site/gruposcoutsanbruno1/principal/noticias/lista-actualizada-mails HTTP/1.1" 200 None
CRITICAL:root:El hosthttps://sites.google.com/site/gruposcoutsanbruno1/principal/noticias/lista-actualizada-mailsno esta disponible
ERROR:root:El hosthttps://sites.google.com/site/gruposcoutsanbruno1/principal/noticias/lista-actualizada-mailsno se encontro
DEBUG:root:No se encuentra ese archivo
ERROR:root:Archivo inexistente
DEBUG:root:No se encuentra ese archivo
ERROR:root:Archivo inexistente
DEBUG:root:En la ruta ya se encuentra una imagen con el mismo nombre
ERROR:root:No se encontró un archivo con ese nombre en la ruta especificada
DEBUG:root:No se encuentra ese archivo
ERROR:root:Archivo inexistente
DEBUG:root:En la ruta ya se encuentra un archivo con el mismo nombre
ERROR:root:No se encontró un archivo con ese nombre en la ruta especificada
DEBUG:root:No se encuentra ese archivo
ERROR:root:Archivo inexistente
DEBUG:root:En la ruta ya se encuentra un archivo con el mismo nombre
ERROR:root:No se encontró un archivo con ese nombre en la ruta especificada
DEBUG:PIL.PngImagePlugin:STREAM b'IHDR' 16 13
DEBUG:PIL.PngImagePlugin:STREAM b'IDAT' 41 65536
DEBUG:root:No se encuentra ese archivo
ERROR:root:Archivo inexistente
DEBUG:root:En la ruta ya se encuentra un archivo con el mismo nombre
ERROR:root:No se encontró un archivo con ese nombre en la ruta especificada
DEBUG:root:No se encuentra ese archivo
ERROR:root:Archivo inexistente
DEBUG:root:En la ruta ya se encuentra un archivo con el mismo nombre
ERROR:root:No se encontró un archivo con ese nombre en la ruta especificada
DEBUG:PIL.PngImagePlugin:STREAM b'IHDR' 16 13
DEBUG:PIL.PngImagePlugin:STREAM b'IDAT' 41 65536
DEBUG:root:No se encuentra ese archivo
ERROR:root:Archivo inexistente
ERROR:root:Ya existe esta tarea ejecutandose, borrala desde el programador de tareas
DEBUG:root:No se encuentra ese archivo
ERROR:root:Archivo inexistente
ERROR:root:Ya existe esta tarea ejecutandose, borrala desde el programador de tareas
DEBUG:root:No se encuentra ese archivo
ERROR:root:Archivo inexistente
ERROR:root:Ya existe esta tarea ejecutandose, borrala desde el programador de tareas
DEBUG:root:No se encuentra ese archivo
ERROR:root:Archivo inexistente
ERROR:root:Ya existe esta tarea ejecutandose, borrala desde el programador de tareas
DEBUG:root:No se encuentra ese archivo
ERROR:root:Archivo inexistente
DEBUG:root:En la ruta ya se encuentra una imagen con el mismo nombre
ERROR:root:No se encontró un archivo con ese nombre en la ruta especificada
DEBUG:root:No se encuentra ese archivo
ERROR:root:Archivo inexistente
DEBUG:root:No se encuentra ese archivo
ERROR:root:Archivo inexistente
DEBUG:root:En la ruta ya se encuentra una imagen con el mismo nombre
ERROR:root:No se encontró un archivo con ese nombre en la ruta especificada
DEBUG:root:No se encuentra ese archivo
ERROR:root:Archivo inexistente
DEBUG:root:En la ruta ya se encuentra una imagen con el mismo nombre
ERROR:root:No se encontró un archivo con ese nombre en la ruta especificada
DEBUG:root:No se encuentra ese archivo
ERROR:root:Archivo inexistente
DEBUG:root:En la ruta ya se encuentra una imagen con el mismo nombre
ERROR:root:No se encontró un archivo con ese nombre en la ruta especificada
DEBUG:root:No se encuentra ese archivo
ERROR:root:Archivo inexistente
DEBUG:root:En la ruta ya se encuentra una imagen con el mismo nombre
ERROR:root:No se encontró un archivo con ese nombre en la ruta especificada
DEBUG:root:No se encuentra ese archivo
ERROR:root:Archivo inexistente
DEBUG:root:En la ruta ya se encuentra una imagen con el mismo nombre
ERROR:root:No se encontró un archivo con ese nombre en la ruta especificada
DEBUG:root:No se encuentra ese archivo
ERROR:root:Archivo inexistente
DEBUG:root:En la ruta ya se encuentra una imagen con el mismo nombre
ERROR:root:No se encontró un archivo con ese nombre en la ruta especificada
DEBUG:root:No se encuentra ese archivo
ERROR:root:Archivo inexistente
DEBUG:root:En la ruta ya se encuentra una imagen con el mismo nombre
ERROR:root:No se encontró un archivo con ese nombre en la ruta especificada
DEBUG:PIL.PngImagePlugin:STREAM b'IHDR' 16 13
DEBUG:PIL.PngImagePlugin:STREAM b'IDAT' 41 734
DEBUG:urllib3.connectionpool:Starting new HTTPS connection (1): www.virustotal.com:443
DEBUG:urllib3.connectionpool:https://www.virustotal.com:443 "GET /vtapi/v2/url/report?apikey=bedeb739b79bd62215d78f8b76c3aec4d3aa25625c73be50c4fcb6d4e421ae47&resource=www.facebook.com HTTP/1.1" 200 6039
DEBUG:root:No se encuentra ese archivo
ERROR:root:Archivo inexistente
DEBUG:root:En la ruta ya se encuentra un archivo con el mismo nombre
ERROR:root:No se encontró un archivo con ese nombre en la ruta especificada
DEBUG:root:No se encuentra ese archivo
ERROR:root:Archivo inexistente
DEBUG:root:En la ruta ya se encuentra un archivo con el mismo nombre
ERROR:root:No se encontró un archivo con ese nombre en la ruta especificada
DEBUG:root:No se encuentra ese archivo
ERROR:root:Archivo inexistente
DEBUG:root:En la ruta ya se encuentra un archivo con el mismo nombre
ERROR:root:No se encontró un archivo con ese nombre en la ruta especificada
DEBUG:root:No se encuentra ese archivo
ERROR:root:Archivo inexistente
DEBUG:root:En la ruta ya se encuentra un archivo con el mismo nombre
ERROR:root:No se encontró un archivo con ese nombre en la ruta especificada
DEBUG:root:No se encuentra ese archivo
ERROR:root:Archivo inexistente
DEBUG:root:En la ruta ya se encuentra un archivo con el mismo nombre
ERROR:root:No se encontró un archivo con ese nombre en la ruta especificada
DEBUG:root:No se encuentra ese archivo
ERROR:root:Archivo inexistente
DEBUG:root:En la ruta ya se encuentra un archivo con el mismo nombre
ERROR:root:No se encontró un archivo con ese nombre en la ruta especificada
DEBUG:root:No se encuentra ese archivo
ERROR:root:Archivo inexistente
DEBUG:root:En la ruta ya se encuentra un archivo con el mismo nombre
ERROR:root:No se encontró un archivo con ese nombre en la ruta especificada
DEBUG:PIL.PngImagePlugin:STREAM b'IHDR' 16 13
DEBUG:PIL.PngImagePlugin:STREAM b'IDAT' 41 65536
DEBUG:root:No se encuentra ese archivo
ERROR:root:Archivo inexistente
DEBUG:root:En la ruta ya se encuentra un archivo con el mismo nombre
ERROR:root:No se encontró un archivo con ese nombre en la ruta especificada
DEBUG:root:No se encuentra ese archivo
ERROR:root:Archivo inexistente
DEBUG:root:En la ruta ya se encuentra un archivo con el mismo nombre
ERROR:root:No se encontró un archivo con ese nombre en la ruta especificada
DEBUG:PIL.PngImagePlugin:STREAM b'IHDR' 16 13
DEBUG:PIL.PngImagePlugin:STREAM b'IDAT' 41 65536
DEBUG:root:No se encuentra ese archivo
ERROR:root:Archivo inexistente
DEBUG:root:En la ruta ya se encuentra una imagen con el mismo nombre
ERROR:root:No se encontró un archivo con ese nombre en la ruta especificada
DEBUG:root:No se encuentra ese archivo
ERROR:root:Archivo inexistente
DEBUG:root:En la ruta ya se encuentra una imagen con el mismo nombre
ERROR:root:No se encontró un archivo con ese nombre en la ruta especificada
DEBUG:PIL.PngImagePlugin:STREAM b'IHDR' 16 13
DEBUG:PIL.PngImagePlugin:STREAM b'IDAT' 41 687
DEBUG:PIL.PngImagePlugin:STREAM b'IHDR' 16 13
DEBUG:PIL.PngImagePlugin:STREAM b'IDAT' 41 672
DEBUG:urllib3.connectionpool:Starting new HTTPS connection (1): www.virustotal.com:443
DEBUG:urllib3.connectionpool:https://www.virustotal.com:443 "GET /vtapi/v2/url/report?apikey=bedeb739b79bd62215d78f8b76c3aec4d3aa25625c73be50c4fcb6d4e421ae47&resource=www.facebook.com%0A HTTP/1.1" 200 6039
DEBUG:urllib3.connectionpool:Starting new HTTPS connection (1): www.virustotal.com:443
DEBUG:urllib3.connectionpool:https://www.virustotal.com:443 "GET /vtapi/v2/url/report?apikey=bedeb739b79bd62215d78f8b76c3aec4d3aa25625c73be50c4fcb6d4e421ae47&resource=www.youtube.com HTTP/1.1" 200 6038
